<?xml version='1.0' encoding='UTF-8'?>
<testsuite hostname="roman-ThinkPad-E560" name="kmeans.KMeansSuite" tests="5" errors="0" failures="0" skipped="0" time="0.255" timestamp="2020-04-13T11:33:20">
                     <properties>
[...]
</properties>
                     <testcase classname="kmeans.KMeansSuite" name="'classify' should work for empty 'points' and 'means' == Seq(Point(1,1,1))" time="0.133">
                                                 
                                               </testcase><testcase classname="kmeans.KMeansSuite" name="'classify' should work for 'points' == Seq((1, 1, 0), (1, -1, 0), (-1, 1, 0), (-1, -1, 0)) and 'means' == Seq((1, 0, 0), (-1, 0, 0))" time="0.017">
                                                 
                                               </testcase><testcase classname="kmeans.KMeansSuite" name="'classify should work for empty 'points' and empty 'means'" time="0.001">
                                                 
                                               </testcase><testcase classname="kmeans.KMeansSuite" name="'classify' should work for 'points' == Seq((1, 1, 0), (1, -1, 0), (-1, 1, 0), (-1, -1, 0)) and 'means' == Seq((0, 0, 0))" time="0.004">
                                                 
                                               </testcase><testcase classname="kmeans.KMeansSuite" name="'classify' with data parallelism should work for empty 'points' and empty 'means'" time="0.1">
                                                 
                                               </testcase>
                     <system-out><![CDATA[]]></system-out>
                     <system-err><![CDATA[]]></system-err>
                   </testsuite>