<?xml version='1.0' encoding='UTF-8'?>
<testsuite hostname="roman-ThinkPad-E560" name="example.ListsSuite" tests="6" errors="0" failures="0" skipped="0" time="0.131" timestamp="2020-02-02T08:43:43">
                     <properties>
[...]
</properties>
                     <testcase classname="example.ListsSuite" name="one plus one is three (0pts)?" time="0.086">
                                                 
                                               </testcase><testcase classname="example.ListsSuite" name="max of a few numbers (10pts)" time="0.042">
                                                 
                                               </testcase><testcase classname="example.ListsSuite" name="intNotZero throws an exception if its argument is 0" time="0.001">
                                                 
                                               </testcase><testcase classname="example.ListsSuite" name="details why one plus one is not three (0pts)" time="0.001">
                                                 
                                               </testcase><testcase classname="example.ListsSuite" name="sum of a few numbers (10pts)" time="0.0">
                                                 
                                               </testcase><testcase classname="example.ListsSuite" name="one plus one is two (0pts)" time="0.001">
                                                 
                                               </testcase>
                     <system-out><![CDATA[]]></system-out>
                     <system-err><![CDATA[]]></system-err>
                   </testsuite>