<?xml version='1.0' encoding='UTF-8'?>
<testsuite hostname="roman-ThinkPad-E560" name="quickcheck.QuickCheckSuite" tests="6" errors="0" failures="1" skipped="0" time="0.139" timestamp="2020-02-29T14:56:22">
                     <properties>
[...]
</properties>
                     <testcase classname="quickcheck.QuickCheckSuite" name=" (10pts)" time="0.009">
                                                 
                                               </testcase><testcase classname="quickcheck.QuickCheckSuite" name=" (10pts)" time="0.057">
                                                 
                                               </testcase><testcase classname="quickcheck.QuickCheckSuite" name=" (10pts)" time="0.024">
                                                 
                                               </testcase><testcase classname="quickcheck.QuickCheckSuite" name=" (10pts)" time="0.042">
                                                 
                                               </testcase><testcase classname="quickcheck.QuickCheckSuite" name=" (5pts)" time="0.004">
                                                 <failure message="java.lang.AssertionError: null" type="sbt.ForkMain$ForkError">sbt.ForkMain$ForkError: java.lang.AssertionError: null
	at org.junit.Assert.fail(Assert.java:86)
	at org.junit.Assert.assertTrue(Assert.java:41)
	at org.junit.Assert.assertTrue(Assert.java:52)
	at quickcheck.QuickCheckSuite.Binomial$u0020heap$u0020satisfies$u0020properties$u002E$u0020$u00285pts$u0029(QuickCheckSuite.scala:36)
	at java.base/jdk.internal.reflect.NativeMethodAccessorImpl.invoke0(Native Method)
	at java.base/jdk.internal.reflect.NativeMethodAccessorImpl.invoke(NativeMethodAccessorImpl.java:62)
	at java.base/jdk.internal.reflect.DelegatingMethodAccessorImpl.invoke(DelegatingMethodAccessorImpl.java:43)
	at java.base/java.lang.reflect.Method.invoke(Method.java:566)
	at org.junit.runners.model.FrameworkMethod$1.runReflectiveCall(FrameworkMethod.java:47)
	at org.junit.internal.runners.model.ReflectiveCallable.run(ReflectiveCallable.java:12)
	at org.junit.runners.model.FrameworkMethod.invokeExplosively(FrameworkMethod.java:44)
	at org.junit.internal.runners.statements.InvokeMethod.evaluate(InvokeMethod.java:17)
	at org.junit.internal.runners.statements.FailOnTimeout$StatementThread.run(FailOnTimeout.java:74)
</failure>
                                               </testcase><testcase classname="quickcheck.QuickCheckSuite" name=" (10pts)" time="0.003">
                                                 
                                               </testcase>
                     <system-out><![CDATA[]]></system-out>
                     <system-err><![CDATA[]]></system-err>
                   </testsuite>